* INFO  2023-03-28T09:57:52,881 Found 8 analytics table types: [DATA_VALUE, ORG_UNIT_TARGET, COMPLETENESS_TARGET, ENROLLMENT, VALIDATION_RESULT, COMPLETENESS, OWNERSHIP, EVENT] (DefaultAnalyticsTableGenerator.java [taskScheduler-23])
* INFO  2023-03-28T09:57:52,884 Analytics table update: AnalyticsTableUpdateParams{last years=null, skip resource tables=false, skip table types=[], skip programs=[], start time=2023-03-28T09:57:52} (DefaultAnalyticsTableGenerator.java [taskScheduler-23])
* INFO  2023-03-28T09:57:52,886 Last successful analytics table update: '2023-02-01T13:45:23' (DefaultAnalyticsTableGenerator.java [taskScheduler-23])
* INFO  2023-03-28T09:57:53,001 Generating resource table: '_orgunitstructure' (JdbcResourceTableStore.java [taskScheduler-23])
* INFO  2023-03-28T09:57:54,015 Resource table '_orgunitstructure' update done: '00:00:01.009' (JdbcResourceTableStore.java [taskScheduler-23])
* INFO  2023-03-28T09:57:54,090 Generating resource table: '_datasetorganisationunitcategory' (JdbcResourceTableStore.java [taskScheduler-23])
* INFO  2023-03-28T09:58:13,489 Resource table '_datasetorganisationunitcategory' update done: '00:00:19.396' (JdbcResourceTableStore.java [taskScheduler-23])
* INFO  2023-03-28T09:58:13,520 Generating resource table: '_categoryoptioncomboname' (JdbcResourceTableStore.java [taskScheduler-23])
* INFO  2023-03-28T09:58:14,002 Resource table '_categoryoptioncomboname' update done: '00:00:00.479' (JdbcResourceTableStore.java [taskScheduler-23])
* INFO  2023-03-28T09:58:14,015 Generating resource table: '_dataelementgroupsetstructure' (JdbcResourceTableStore.java [taskScheduler-23])
* INFO  2023-03-28T09:58:15,967 Resource table '_dataelementgroupsetstructure' update done: '00:00:01.949' (JdbcResourceTableStore.java [taskScheduler-23])
* INFO  2023-03-28T09:58:15,976 Generating resource table: '_indicatorgroupsetstructure' (JdbcResourceTableStore.java [taskScheduler-23])
* INFO  2023-03-28T09:58:16,075 Resource table '_indicatorgroupsetstructure' update done: '00:00:00.097' (JdbcResourceTableStore.java [taskScheduler-23])
* INFO  2023-03-28T09:58:16,087 Generating resource table: '_organisationunitgroupsetstructure' (JdbcResourceTableStore.java [taskScheduler-23])
* INFO  2023-03-28T09:58:16,831 Resource table '_organisationunitgroupsetstructure' update done: '00:00:00.741' (JdbcResourceTableStore.java [taskScheduler-23])
* INFO  2023-03-28T09:58:16,844 Generating resource table: '_categorystructure' (JdbcResourceTableStore.java [taskScheduler-23])
* INFO  2023-03-28T09:58:17,556 Resource table '_categorystructure' update done: '00:00:00.709' (JdbcResourceTableStore.java [taskScheduler-23])
* INFO  2023-03-28T09:58:17,619 Generating resource table: '_dataelementstructure' (JdbcResourceTableStore.java [taskScheduler-23])
* INFO  2023-03-28T09:58:19,478 Resource table '_dataelementstructure' update done: '00:00:01.855' (JdbcResourceTableStore.java [taskScheduler-23])
* INFO  2023-03-28T09:58:19,505 Generating resource table: '_periodstructure' (JdbcResourceTableStore.java [taskScheduler-23])
* INFO  2023-03-28T09:58:20,433 Resource table '_periodstructure' update done: '00:00:00.926' (JdbcResourceTableStore.java [taskScheduler-23])
* INFO  2023-03-28T09:58:20,439 Generating resource table: '_dateperiodstructure' (JdbcResourceTableStore.java [taskScheduler-23])
* INFO  2023-03-28T09:58:40,963 Resource table '_dateperiodstructure' update done: '00:00:20.522' (JdbcResourceTableStore.java [taskScheduler-23])
* INFO  2023-03-28T09:58:40,969 Generating resource table: '_dataelementcategoryoptioncombo' (JdbcResourceTableStore.java [taskScheduler-23])
* INFO  2023-03-28T09:58:41,077 Resource table '_dataelementcategoryoptioncombo' update done: '00:00:00.106' (JdbcResourceTableStore.java [taskScheduler-23])
* INFO  2023-03-28T09:58:41,111 Analytics table update parameters: AnalyticsTableUpdateParams{last years=null, skip resource tables=false, skip table types=[], skip programs=[], start time=2023-03-28T09:57:52} (DefaultAnalyticsTableService.java [taskScheduler-23])
* INFO  2023-03-28T09:58:41,114 Starting update of type: DATA_VALUE, table name: 'analytics', processes: 3: 00:00:00.000 (Clock.java [taskScheduler-23])
* INFO  2023-03-28T09:58:55,862 Table update start: analytics, earliest: null, parameters: AnalyticsTableUpdateParams{last years=null, skip resource tables=false, skip table types=[], skip programs=[], start time=2023-03-28T09:57:52}: 00:00:14.748 (Clock.java [taskScheduler-23])
* INFO  2023-03-28T09:58:55,875 Performed pre-create table work DATA_VALUE: 00:00:14.761 (Clock.java [taskScheduler-23])
* INFO  2023-03-28T09:58:55,886 Dropped temp tables: 00:00:14.772 (Clock.java [taskScheduler-23])
* INFO  2023-03-28T09:58:55,892 Creating table: 'analytics_temp', columns: '56' (AbstractJdbcTableManager.java [taskScheduler-23])
* INFO  2023-03-28T09:58:55,911 Creating partition table: 'analytics_temp_2013' (AbstractJdbcTableManager.java [taskScheduler-23])
* INFO  2023-03-28T09:58:55,932 Creating partition table: 'analytics_temp_2014' (AbstractJdbcTableManager.java [taskScheduler-23])
* INFO  2023-03-28T09:58:55,948 Creating partition table: 'analytics_temp_2015' (AbstractJdbcTableManager.java [taskScheduler-23])
* INFO  2023-03-28T09:58:55,966 Creating partition table: 'analytics_temp_2016' (AbstractJdbcTableManager.java [taskScheduler-23])
* INFO  2023-03-28T09:58:55,983 Creating partition table: 'analytics_temp_2017' (AbstractJdbcTableManager.java [taskScheduler-23])
* INFO  2023-03-28T09:58:55,997 Creating partition table: 'analytics_temp_2018' (AbstractJdbcTableManager.java [taskScheduler-23])
* INFO  2023-03-28T09:58:56,011 Creating partition table: 'analytics_temp_2019' (AbstractJdbcTableManager.java [taskScheduler-23])
* INFO  2023-03-28T09:58:56,024 Creating partition table: 'analytics_temp_2020' (AbstractJdbcTableManager.java [taskScheduler-23])
* INFO  2023-03-28T09:58:56,037 Creating partition table: 'analytics_temp_2021' (AbstractJdbcTableManager.java [taskScheduler-23])
* INFO  2023-03-28T09:58:56,050 Creating partition table: 'analytics_temp_2022' (AbstractJdbcTableManager.java [taskScheduler-23])
* INFO  2023-03-28T09:58:56,066 Creating partition table: 'analytics_temp_2023' (AbstractJdbcTableManager.java [taskScheduler-23])
* INFO  2023-03-28T09:58:56,085 Created analytics tables: 00:00:14.971 (Clock.java [taskScheduler-23])
* INFO  2023-03-28T09:58:56,089 Populate table task number: 3 (DefaultAnalyticsTableService.java [taskScheduler-23])
* INFO  2023-03-28T09:59:09,913 Populate analytics_temp_2019 [UNIT_INTERVAL, NUMBER, INTEGER_POSITIVE, INTEGER, PERCENTAGE, INTEGER_NEGATIVE, INTEGER_ZERO_OR_POSITIVE] in: 13.764513 sec. (AbstractJdbcTableManager.java [ForkJoinPool-1-worker-3])
* INFO  2023-03-28T09:59:09,988 Populate analytics_temp_2014 [UNIT_INTERVAL, NUMBER, INTEGER_POSITIVE, INTEGER, PERCENTAGE, INTEGER_NEGATIVE, INTEGER_ZERO_OR_POSITIVE] in: 13.750335 sec. (AbstractJdbcTableManager.java [ForkJoinPool-1-worker-7])
* INFO  2023-03-28T09:59:10,185 Populate analytics_temp_2015 [UNIT_INTERVAL, NUMBER, INTEGER_POSITIVE, INTEGER, PERCENTAGE, INTEGER_NEGATIVE, INTEGER_ZERO_OR_POSITIVE] in: 14.047743 sec. (AbstractJdbcTableManager.java [ForkJoinPool-1-worker-5])
* INFO  2023-03-28T09:59:10,314 Populate analytics_temp_2019 [BOOLEAN, TRUE_ONLY] in: 0.371439 sec. (AbstractJdbcTableManager.java [ForkJoinPool-1-worker-3])
* INFO  2023-03-28T09:59:10,398 Populate analytics_temp_2014 [BOOLEAN, TRUE_ONLY] in: 0.306258 sec. (AbstractJdbcTableManager.java [ForkJoinPool-1-worker-7])
* INFO  2023-03-28T09:59:10,456 Populate analytics_temp_2015 [BOOLEAN, TRUE_ONLY] in: 0.257447 sec. (AbstractJdbcTableManager.java [ForkJoinPool-1-worker-5])
* INFO  2023-03-28T09:59:10,598 Populate analytics_temp_2019 [BOOLEAN] in: 0.273764 sec. (AbstractJdbcTableManager.java [ForkJoinPool-1-worker-3])
* INFO  2023-03-28T09:59:10,631 Populate analytics_temp_2014 [BOOLEAN] in: 0.224160 sec. (AbstractJdbcTableManager.java [ForkJoinPool-1-worker-7])
* INFO  2023-03-28T09:59:10,698 Populate analytics_temp_2015 [BOOLEAN] in: 0.207023 sec. (AbstractJdbcTableManager.java [ForkJoinPool-1-worker-5])
* INFO  2023-03-28T09:59:10,845 Populate analytics_temp_2019 [LETTER, EMAIL, USERNAME, TIME, URL, TEXT, LONG_TEXT, PHONE_NUMBER, AGE, DATE, DATETIME] in: 0.221718 sec. (AbstractJdbcTableManager.java [ForkJoinPool-1-worker-3])
* INFO  2023-03-28T09:59:10,889 Populate analytics_temp_2014 [LETTER, EMAIL, USERNAME, TIME, URL, TEXT, LONG_TEXT, PHONE_NUMBER, AGE, DATE, DATETIME] in: 0.227626 sec. (AbstractJdbcTableManager.java [ForkJoinPool-1-worker-7])
* INFO  2023-03-28T09:59:10,930 Populate analytics_temp_2015 [LETTER, EMAIL, USERNAME, TIME, URL, TEXT, LONG_TEXT, PHONE_NUMBER, AGE, DATE, DATETIME] in: 0.221148 sec. (AbstractJdbcTableManager.java [ForkJoinPool-1-worker-5])
* INFO  2023-03-28T09:59:24,532 Populate analytics_temp_2020 [UNIT_INTERVAL, NUMBER, INTEGER_POSITIVE, INTEGER, PERCENTAGE, INTEGER_NEGATIVE, INTEGER_ZERO_OR_POSITIVE] in: 13.649510 sec. (AbstractJdbcTableManager.java [ForkJoinPool-1-worker-3])
* INFO  2023-03-28T09:59:24,664 Populate analytics_temp_2013 [UNIT_INTERVAL, NUMBER, INTEGER_POSITIVE, INTEGER, PERCENTAGE, INTEGER_NEGATIVE, INTEGER_ZERO_OR_POSITIVE] in: 13.765013 sec. (AbstractJdbcTableManager.java [ForkJoinPool-1-worker-7])
* INFO  2023-03-28T09:59:24,775 Populate analytics_temp_2020 [BOOLEAN, TRUE_ONLY] in: 0.233807 sec. (AbstractJdbcTableManager.java [ForkJoinPool-1-worker-3])
* INFO  2023-03-28T09:59:24,815 Populate analytics_temp_2017 [UNIT_INTERVAL, NUMBER, INTEGER_POSITIVE, INTEGER, PERCENTAGE, INTEGER_NEGATIVE, INTEGER_ZERO_OR_POSITIVE] in: 13.787521 sec. (AbstractJdbcTableManager.java [ForkJoinPool-1-worker-5])
* INFO  2023-03-28T09:59:24,906 Populate analytics_temp_2013 [BOOLEAN, TRUE_ONLY] in: 0.223159 sec. (AbstractJdbcTableManager.java [ForkJoinPool-1-worker-7])
* INFO  2023-03-28T09:59:25,089 Populate analytics_temp_2017 [BOOLEAN, TRUE_ONLY] in: 0.232309 sec. (AbstractJdbcTableManager.java [ForkJoinPool-1-worker-5])
* INFO  2023-03-28T09:59:25,124 Populate analytics_temp_2013 [BOOLEAN] in: 0.205910 sec. (AbstractJdbcTableManager.java [ForkJoinPool-1-worker-7])
* INFO  2023-03-28T09:59:25,188 Populate analytics_temp_2020 [BOOLEAN] in: 0.315584 sec. (AbstractJdbcTableManager.java [ForkJoinPool-1-worker-3])
* INFO  2023-03-28T09:59:25,369 Populate analytics_temp_2013 [LETTER, EMAIL, USERNAME, TIME, URL, TEXT, LONG_TEXT, PHONE_NUMBER, AGE, DATE, DATETIME] in: 0.212439 sec. (AbstractJdbcTableManager.java [ForkJoinPool-1-worker-7])
* INFO  2023-03-28T09:59:25,407 Populate analytics_temp_2017 [BOOLEAN] in: 0.279262 sec. (AbstractJdbcTableManager.java [ForkJoinPool-1-worker-5])
* INFO  2023-03-28T09:59:25,415 Populate analytics_temp_2020 [LETTER, EMAIL, USERNAME, TIME, URL, TEXT, LONG_TEXT, PHONE_NUMBER, AGE, DATE, DATETIME] in: 0.211537 sec. (AbstractJdbcTableManager.java [ForkJoinPool-1-worker-3])
* INFO  2023-03-28T09:59:25,694 Populate analytics_temp_2017 [LETTER, EMAIL, USERNAME, TIME, URL, TEXT, LONG_TEXT, PHONE_NUMBER, AGE, DATE, DATETIME] in: 0.201461 sec. (AbstractJdbcTableManager.java [ForkJoinPool-1-worker-5])
* INFO  2023-03-28T09:59:39,413 Populate analytics_temp_2018 [UNIT_INTERVAL, NUMBER, INTEGER_POSITIVE, INTEGER, PERCENTAGE, INTEGER_NEGATIVE, INTEGER_ZERO_OR_POSITIVE] in: 13.979800 sec. (AbstractJdbcTableManager.java [ForkJoinPool-1-worker-3])
* INFO  2023-03-28T09:59:39,530 Populate analytics_temp_2016 [UNIT_INTERVAL, NUMBER, INTEGER_POSITIVE, INTEGER, PERCENTAGE, INTEGER_NEGATIVE, INTEGER_ZERO_OR_POSITIVE] in: 14.150635 sec. (AbstractJdbcTableManager.java [ForkJoinPool-1-worker-7])
* INFO  2023-03-28T09:59:39,686 Populate analytics_temp_2018 [BOOLEAN, TRUE_ONLY] in: 0.247205 sec. (AbstractJdbcTableManager.java [ForkJoinPool-1-worker-3])
* INFO  2023-03-28T09:59:39,770 Populate analytics_temp_2016 [BOOLEAN, TRUE_ONLY] in: 0.230291 sec. (AbstractJdbcTableManager.java [ForkJoinPool-1-worker-7])
* INFO  2023-03-28T09:59:39,889 Populate analytics_temp_2018 [BOOLEAN] in: 0.193834 sec. (AbstractJdbcTableManager.java [ForkJoinPool-1-worker-3])
* INFO  2023-03-28T09:59:39,978 Populate analytics_temp_2016 [BOOLEAN] in: 0.200371 sec. (AbstractJdbcTableManager.java [ForkJoinPool-1-worker-7])
* INFO  2023-03-28T09:59:40,155 Populate analytics_temp_2018 [LETTER, EMAIL, USERNAME, TIME, URL, TEXT, LONG_TEXT, PHONE_NUMBER, AGE, DATE, DATETIME] in: 0.251951 sec. (AbstractJdbcTableManager.java [ForkJoinPool-1-worker-3])
* INFO  2023-03-28T09:59:40,197 Populate analytics_temp_2016 [LETTER, EMAIL, USERNAME, TIME, URL, TEXT, LONG_TEXT, PHONE_NUMBER, AGE, DATE, DATETIME] in: 0.207148 sec. (AbstractJdbcTableManager.java [ForkJoinPool-1-worker-7])
* INFO  2023-03-28T09:59:54,270 Populate analytics_temp_2021 [UNIT_INTERVAL, NUMBER, INTEGER_POSITIVE, INTEGER, PERCENTAGE, INTEGER_NEGATIVE, INTEGER_ZERO_OR_POSITIVE] in: 14.106765 sec. (AbstractJdbcTableManager.java [ForkJoinPool-1-worker-3])
* INFO  2023-03-28T09:59:54,581 Populate analytics_temp_2021 [BOOLEAN, TRUE_ONLY] in: 0.240809 sec. (AbstractJdbcTableManager.java [ForkJoinPool-1-worker-3])
* INFO  2023-03-28T09:59:54,836 Populate analytics_temp_2021 [BOOLEAN] in: 0.244701 sec. (AbstractJdbcTableManager.java [ForkJoinPool-1-worker-3])
* INFO  2023-03-28T09:59:55,157 Populate analytics_temp_2021 [LETTER, EMAIL, USERNAME, TIME, URL, TEXT, LONG_TEXT, PHONE_NUMBER, AGE, DATE, DATETIME] in: 0.311890 sec. (AbstractJdbcTableManager.java [ForkJoinPool-1-worker-3])
* INFO  2023-03-28T10:00:09,483 Populated analytics tables: 00:01:28.368 (Clock.java [taskScheduler-23])
* INFO  2023-03-28T10:02:43,539 Found 8 analytics table types: [DATA_VALUE, ORG_UNIT_TARGET, COMPLETENESS_TARGET, ENROLLMENT, VALIDATION_RESULT, COMPLETENESS, OWNERSHIP, EVENT] (DefaultAnalyticsTableGenerator.java [taskScheduler-10])
* INFO  2023-03-28T10:02:43,543 Analytics table update: AnalyticsTableUpdateParams{last years=null, skip resource tables=false, skip table types=[], skip programs=[], start time=2023-03-28T10:02:43} (DefaultAnalyticsTableGenerator.java [taskScheduler-10])
* INFO  2023-03-28T10:02:43,545 Last successful analytics table update: '2023-02-01T13:45:23' (DefaultAnalyticsTableGenerator.java [taskScheduler-10])
* INFO  2023-03-28T10:02:43,564 Generating resource table: '_orgunitstructure' (JdbcResourceTableStore.java [taskScheduler-10])
* INFO  2023-03-28T10:02:44,213 Resource table '_orgunitstructure' update done: '00:00:00.647' (JdbcResourceTableStore.java [taskScheduler-10])
* INFO  2023-03-28T10:02:44,233 Generating resource table: '_datasetorganisationunitcategory' (JdbcResourceTableStore.java [taskScheduler-10])
* INFO  2023-03-28T10:02:58,672 Resource table '_datasetorganisationunitcategory' update done: '00:00:14.437' (JdbcResourceTableStore.java [taskScheduler-10])
* INFO  2023-03-28T10:02:58,689 Generating resource table: '_categoryoptioncomboname' (JdbcResourceTableStore.java [taskScheduler-10])
* INFO  2023-03-28T10:02:58,867 Resource table '_categoryoptioncomboname' update done: '00:00:00.174' (JdbcResourceTableStore.java [taskScheduler-10])
* INFO  2023-03-28T10:02:58,879 Generating resource table: '_dataelementgroupsetstructure' (JdbcResourceTableStore.java [taskScheduler-10])
* INFO  2023-03-28T10:03:00,954 Resource table '_dataelementgroupsetstructure' update done: '00:00:02.072' (JdbcResourceTableStore.java [taskScheduler-10])
* INFO  2023-03-28T10:03:00,963 Generating resource table: '_indicatorgroupsetstructure' (JdbcResourceTableStore.java [taskScheduler-10])
* INFO  2023-03-28T10:03:01,060 Resource table '_indicatorgroupsetstructure' update done: '00:00:00.094' (JdbcResourceTableStore.java [taskScheduler-10])
* INFO  2023-03-28T10:03:01,065 Generating resource table: '_organisationunitgroupsetstructure' (JdbcResourceTableStore.java [taskScheduler-10])
* INFO  2023-03-28T10:03:01,815 Resource table '_organisationunitgroupsetstructure' update done: '00:00:00.747' (JdbcResourceTableStore.java [taskScheduler-10])
* INFO  2023-03-28T10:03:01,821 Generating resource table: '_categorystructure' (JdbcResourceTableStore.java [taskScheduler-10])
* INFO  2023-03-28T10:03:02,489 Resource table '_categorystructure' update done: '00:00:00.665' (JdbcResourceTableStore.java [taskScheduler-10])
* INFO  2023-03-28T10:03:02,549 Generating resource table: '_dataelementstructure' (JdbcResourceTableStore.java [taskScheduler-10])
* INFO  2023-03-28T10:03:03,552 Resource table '_dataelementstructure' update done: '00:00:00.998' (JdbcResourceTableStore.java [taskScheduler-10])
* INFO  2023-03-28T10:03:03,568 Generating resource table: '_periodstructure' (JdbcResourceTableStore.java [taskScheduler-10])
* INFO  2023-03-28T10:03:04,465 Resource table '_periodstructure' update done: '00:00:00.893' (JdbcResourceTableStore.java [taskScheduler-10])
* INFO  2023-03-28T10:03:04,470 Generating resource table: '_dateperiodstructure' (JdbcResourceTableStore.java [taskScheduler-10])
* INFO  2023-03-28T10:03:24,055 Resource table '_dateperiodstructure' update done: '00:00:19.583' (JdbcResourceTableStore.java [taskScheduler-10])
* INFO  2023-03-28T10:03:24,059 Generating resource table: '_dataelementcategoryoptioncombo' (JdbcResourceTableStore.java [taskScheduler-10])
* INFO  2023-03-28T10:03:24,193 Resource table '_dataelementcategoryoptioncombo' update done: '00:00:00.132' (JdbcResourceTableStore.java [taskScheduler-10])
* INFO  2023-03-28T10:03:24,240 Analytics table update parameters: AnalyticsTableUpdateParams{last years=null, skip resource tables=false, skip table types=[], skip programs=[], start time=2023-03-28T10:02:43} (DefaultAnalyticsTableService.java [taskScheduler-10])
* INFO  2023-03-28T10:03:24,241 Starting update of type: DATA_VALUE, table name: 'analytics', processes: 3: 00:00:00.000 (Clock.java [taskScheduler-10])
* INFO  2023-03-28T10:03:38,983 Table update start: analytics, earliest: null, parameters: AnalyticsTableUpdateParams{last years=null, skip resource tables=false, skip table types=[], skip programs=[], start time=2023-03-28T10:02:43}: 00:00:14.741 (Clock.java [taskScheduler-10])
* INFO  2023-03-28T10:03:38,995 Performed pre-create table work DATA_VALUE: 00:00:14.753 (Clock.java [taskScheduler-10])
* INFO  2023-03-28T10:03:39,252 Dropped temp tables: 00:00:15.010 (Clock.java [taskScheduler-10])
* INFO  2023-03-28T10:03:39,257 Creating table: 'analytics_temp', columns: '56' (AbstractJdbcTableManager.java [taskScheduler-10])
* INFO  2023-03-28T10:03:39,274 Creating partition table: 'analytics_temp_2013' (AbstractJdbcTableManager.java [taskScheduler-10])
* INFO  2023-03-28T10:03:39,294 Creating partition table: 'analytics_temp_2014' (AbstractJdbcTableManager.java [taskScheduler-10])
* INFO  2023-03-28T10:03:39,307 Creating partition table: 'analytics_temp_2015' (AbstractJdbcTableManager.java [taskScheduler-10])
* INFO  2023-03-28T10:03:39,320 Creating partition table: 'analytics_temp_2016' (AbstractJdbcTableManager.java [taskScheduler-10])
* INFO  2023-03-28T10:03:39,334 Creating partition table: 'analytics_temp_2017' (AbstractJdbcTableManager.java [taskScheduler-10])
* INFO  2023-03-28T10:03:39,348 Creating partition table: 'analytics_temp_2018' (AbstractJdbcTableManager.java [taskScheduler-10])
* INFO  2023-03-28T10:03:39,362 Creating partition table: 'analytics_temp_2019' (AbstractJdbcTableManager.java [taskScheduler-10])
* INFO  2023-03-28T10:03:39,374 Creating partition table: 'analytics_temp_2020' (AbstractJdbcTableManager.java [taskScheduler-10])
* INFO  2023-03-28T10:03:39,387 Creating partition table: 'analytics_temp_2021' (AbstractJdbcTableManager.java [taskScheduler-10])
* INFO  2023-03-28T10:03:39,401 Creating partition table: 'analytics_temp_2022' (AbstractJdbcTableManager.java [taskScheduler-10])
* INFO  2023-03-28T10:03:39,415 Creating partition table: 'analytics_temp_2023' (AbstractJdbcTableManager.java [taskScheduler-10])
* INFO  2023-03-28T10:03:39,432 Created analytics tables: 00:00:15.189 (Clock.java [taskScheduler-10])
* INFO  2023-03-28T10:03:39,435 Populate table task number: 3 (DefaultAnalyticsTableService.java [taskScheduler-10])
* INFO  2023-03-28T10:03:52,847 Populate analytics_temp_2014 [UNIT_INTERVAL, NUMBER, INTEGER_POSITIVE, INTEGER, PERCENTAGE, INTEGER_NEGATIVE, INTEGER_ZERO_OR_POSITIVE] in: 13.394570 sec. (AbstractJdbcTableManager.java [ForkJoinPool-2-worker-7])
* INFO  2023-03-28T10:03:52,987 Populate analytics_temp_2019 [UNIT_INTERVAL, NUMBER, INTEGER_POSITIVE, INTEGER, PERCENTAGE, INTEGER_NEGATIVE, INTEGER_ZERO_OR_POSITIVE] in: 13.536364 sec. (AbstractJdbcTableManager.java [ForkJoinPool-2-worker-3])
* INFO  2023-03-28T10:03:53,173 Populate analytics_temp_2014 [BOOLEAN, TRUE_ONLY] in: 0.315389 sec. (AbstractJdbcTableManager.java [ForkJoinPool-2-worker-7])
* INFO  2023-03-28T10:03:53,174 Populate analytics_temp_2015 [UNIT_INTERVAL, NUMBER, INTEGER_POSITIVE, INTEGER, PERCENTAGE, INTEGER_NEGATIVE, INTEGER_ZERO_OR_POSITIVE] in: 13.659242 sec. (AbstractJdbcTableManager.java [ForkJoinPool-2-worker-5])
* INFO  2023-03-28T10:03:53,220 Populate analytics_temp_2019 [BOOLEAN, TRUE_ONLY] in: 0.225188 sec. (AbstractJdbcTableManager.java [ForkJoinPool-2-worker-3])
* INFO  2023-03-28T10:03:53,455 Populate analytics_temp_2019 [BOOLEAN] in: 0.196920 sec. (AbstractJdbcTableManager.java [ForkJoinPool-2-worker-3])
* INFO  2023-03-28T10:03:53,470 Populate analytics_temp_2014 [BOOLEAN] in: 0.287023 sec. (AbstractJdbcTableManager.java [ForkJoinPool-2-worker-7])
* INFO  2023-03-28T10:03:53,498 Populate analytics_temp_2015 [BOOLEAN, TRUE_ONLY] in: 0.315674 sec. (AbstractJdbcTableManager.java [ForkJoinPool-2-worker-5])
* INFO  2023-03-28T10:03:53,702 Populate analytics_temp_2014 [LETTER, EMAIL, USERNAME, TIME, URL, TEXT, LONG_TEXT, PHONE_NUMBER, AGE, DATE, DATETIME] in: 0.200847 sec. (AbstractJdbcTableManager.java [ForkJoinPool-2-worker-7])
* INFO  2023-03-28T10:03:53,767 Populate analytics_temp_2019 [LETTER, EMAIL, USERNAME, TIME, URL, TEXT, LONG_TEXT, PHONE_NUMBER, AGE, DATE, DATETIME] in: 0.230990 sec. (AbstractJdbcTableManager.java [ForkJoinPool-2-worker-3])
* INFO  2023-03-28T10:03:53,857 Populate analytics_temp_2015 [BOOLEAN] in: 0.274929 sec. (AbstractJdbcTableManager.java [ForkJoinPool-2-worker-5])
* INFO  2023-03-28T10:03:54,104 Populate analytics_temp_2015 [LETTER, EMAIL, USERNAME, TIME, URL, TEXT, LONG_TEXT, PHONE_NUMBER, AGE, DATE, DATETIME] in: 0.209070 sec. (AbstractJdbcTableManager.java [ForkJoinPool-2-worker-5])
* INFO  2023-03-28T10:04:07,097 Populate analytics_temp_2013 [UNIT_INTERVAL, NUMBER, INTEGER_POSITIVE, INTEGER, PERCENTAGE, INTEGER_NEGATIVE, INTEGER_ZERO_OR_POSITIVE] in: 13.386043 sec. (AbstractJdbcTableManager.java [ForkJoinPool-2-worker-7])
* INFO  2023-03-28T10:04:07,209 Populate analytics_temp_2020 [UNIT_INTERVAL, NUMBER, INTEGER_POSITIVE, INTEGER, PERCENTAGE, INTEGER_NEGATIVE, INTEGER_ZERO_OR_POSITIVE] in: 13.433894 sec. (AbstractJdbcTableManager.java [ForkJoinPool-2-worker-3])
* INFO  2023-03-28T10:04:07,358 Populate analytics_temp_2013 [BOOLEAN, TRUE_ONLY] in: 0.225456 sec. (AbstractJdbcTableManager.java [ForkJoinPool-2-worker-7])
* INFO  2023-03-28T10:04:07,434 Populate analytics_temp_2020 [BOOLEAN, TRUE_ONLY] in: 0.216737 sec. (AbstractJdbcTableManager.java [ForkJoinPool-2-worker-3])
* INFO  2023-03-28T10:04:07,528 Populate analytics_temp_2017 [UNIT_INTERVAL, NUMBER, INTEGER_POSITIVE, INTEGER, PERCENTAGE, INTEGER_NEGATIVE, INTEGER_ZERO_OR_POSITIVE] in: 13.415431 sec. (AbstractJdbcTableManager.java [ForkJoinPool-2-worker-5])
* INFO  2023-03-28T10:04:07,555 Populate analytics_temp_2013 [BOOLEAN] in: 0.189454 sec. (AbstractJdbcTableManager.java [ForkJoinPool-2-worker-7])
* INFO  2023-03-28T10:04:07,641 Populate analytics_temp_2020 [BOOLEAN] in: 0.199825 sec. (AbstractJdbcTableManager.java [ForkJoinPool-2-worker-3])
* INFO  2023-03-28T10:04:07,786 Populate analytics_temp_2013 [LETTER, EMAIL, USERNAME, TIME, URL, TEXT, LONG_TEXT, PHONE_NUMBER, AGE, DATE, DATETIME] in: 0.218098 sec. (AbstractJdbcTableManager.java [ForkJoinPool-2-worker-7])
* INFO  2023-03-28T10:04:07,851 Populate analytics_temp_2020 [LETTER, EMAIL, USERNAME, TIME, URL, TEXT, LONG_TEXT, PHONE_NUMBER, AGE, DATE, DATETIME] in: 0.202844 sec. (AbstractJdbcTableManager.java [ForkJoinPool-2-worker-3])
* INFO  2023-03-28T10:04:07,911 Populate analytics_temp_2017 [BOOLEAN, TRUE_ONLY] in: 0.278591 sec. (AbstractJdbcTableManager.java [ForkJoinPool-2-worker-5])
* INFO  2023-03-28T10:04:08,111 Populate analytics_temp_2017 [BOOLEAN] in: 0.193760 sec. (AbstractJdbcTableManager.java [ForkJoinPool-2-worker-5])
* INFO  2023-03-28T10:04:08,320 Populate analytics_temp_2017 [LETTER, EMAIL, USERNAME, TIME, URL, TEXT, LONG_TEXT, PHONE_NUMBER, AGE, DATE, DATETIME] in: 0.200584 sec. (AbstractJdbcTableManager.java [ForkJoinPool-2-worker-5])
* INFO  2023-03-28T10:04:21,181 Populate analytics_temp_2016 [UNIT_INTERVAL, NUMBER, INTEGER_POSITIVE, INTEGER, PERCENTAGE, INTEGER_NEGATIVE, INTEGER_ZERO_OR_POSITIVE] in: 13.383105 sec. (AbstractJdbcTableManager.java [ForkJoinPool-2-worker-7])
* INFO  2023-03-28T10:04:21,299 Populate analytics_temp_2018 [UNIT_INTERVAL, NUMBER, INTEGER_POSITIVE, INTEGER, PERCENTAGE, INTEGER_NEGATIVE, INTEGER_ZERO_OR_POSITIVE] in: 13.439644 sec. (AbstractJdbcTableManager.java [ForkJoinPool-2-worker-3])
* INFO  2023-03-28T10:04:21,443 Populate analytics_temp_2016 [BOOLEAN, TRUE_ONLY] in: 0.238141 sec. (AbstractJdbcTableManager.java [ForkJoinPool-2-worker-7])
* INFO  2023-03-28T10:04:21,530 Populate analytics_temp_2018 [BOOLEAN, TRUE_ONLY] in: 0.224202 sec. (AbstractJdbcTableManager.java [ForkJoinPool-2-worker-3])
* INFO  2023-03-28T10:04:21,670 Populate analytics_temp_2016 [BOOLEAN] in: 0.190646 sec. (AbstractJdbcTableManager.java [ForkJoinPool-2-worker-7])
* INFO  2023-03-28T10:04:21,733 Populate analytics_temp_2018 [BOOLEAN] in: 0.195269 sec. (AbstractJdbcTableManager.java [ForkJoinPool-2-worker-3])
* INFO  2023-03-28T10:04:21,881 Populate analytics_temp_2016 [LETTER, EMAIL, USERNAME, TIME, URL, TEXT, LONG_TEXT, PHONE_NUMBER, AGE, DATE, DATETIME] in: 0.204886 sec. (AbstractJdbcTableManager.java [ForkJoinPool-2-worker-7])
* INFO  2023-03-28T10:04:21,949 Populate analytics_temp_2018 [LETTER, EMAIL, USERNAME, TIME, URL, TEXT, LONG_TEXT, PHONE_NUMBER, AGE, DATE, DATETIME] in: 0.206564 sec. (AbstractJdbcTableManager.java [ForkJoinPool-2-worker-3])
* INFO  2023-03-28T10:04:35,496 Populate analytics_temp_2021 [UNIT_INTERVAL, NUMBER, INTEGER_POSITIVE, INTEGER, PERCENTAGE, INTEGER_NEGATIVE, INTEGER_ZERO_OR_POSITIVE] in: 13.606410 sec. (AbstractJdbcTableManager.java [ForkJoinPool-2-worker-7])
* INFO  2023-03-28T10:04:35,807 Populate analytics_temp_2021 [BOOLEAN, TRUE_ONLY] in: 0.277130 sec. (AbstractJdbcTableManager.java [ForkJoinPool-2-worker-7])
* INFO  2023-03-28T10:04:36,015 Populate analytics_temp_2021 [BOOLEAN] in: 0.197677 sec. (AbstractJdbcTableManager.java [ForkJoinPool-2-worker-7])
* INFO  2023-03-28T10:04:36,238 Populate analytics_temp_2021 [LETTER, EMAIL, USERNAME, TIME, URL, TEXT, LONG_TEXT, PHONE_NUMBER, AGE, DATE, DATETIME] in: 0.215418 sec. (AbstractJdbcTableManager.java [ForkJoinPool-2-worker-7])
* INFO  2023-03-28T10:05:55,637 Populate analytics_temp_2022 [UNIT_INTERVAL, NUMBER, INTEGER_POSITIVE, INTEGER, PERCENTAGE, INTEGER_NEGATIVE, INTEGER_ZERO_OR_POSITIVE] in: 107.305352 sec. (AbstractJdbcTableManager.java [ForkJoinPool-2-worker-5])
* INFO  2023-03-28T10:05:56,133 Populate analytics_temp_2022 [BOOLEAN, TRUE_ONLY] in: 0.488733 sec. (AbstractJdbcTableManager.java [ForkJoinPool-2-worker-5])
* INFO  2023-03-28T10:05:56,336 Populate analytics_temp_2022 [BOOLEAN] in: 0.194779 sec. (AbstractJdbcTableManager.java [ForkJoinPool-2-worker-5])
* INFO  2023-03-28T10:05:56,549 Populate analytics_temp_2022 [LETTER, EMAIL, USERNAME, TIME, URL, TEXT, LONG_TEXT, PHONE_NUMBER, AGE, DATE, DATETIME] in: 0.207119 sec. (AbstractJdbcTableManager.java [ForkJoinPool-2-worker-5])
* INFO  2023-03-28T10:06:07,318 Populate analytics_temp_2023 [UNIT_INTERVAL, NUMBER, INTEGER_POSITIVE, INTEGER, PERCENTAGE, INTEGER_NEGATIVE, INTEGER_ZERO_OR_POSITIVE] in: 105.360731 sec. (AbstractJdbcTableManager.java [ForkJoinPool-2-worker-3])
* INFO  2023-03-28T10:06:07,766 Populate analytics_temp_2023 [BOOLEAN, TRUE_ONLY] in: 0.436884 sec. (AbstractJdbcTableManager.java [ForkJoinPool-2-worker-3])
* INFO  2023-03-28T10:06:07,944 Populate analytics_temp_2023 [BOOLEAN] in: 0.170546 sec. (AbstractJdbcTableManager.java [ForkJoinPool-2-worker-3])
* INFO  2023-03-28T10:06:08,141 Populate analytics_temp_2023 [LETTER, EMAIL, USERNAME, TIME, URL, TEXT, LONG_TEXT, PHONE_NUMBER, AGE, DATE, DATETIME] in: 0.190193 sec. (AbstractJdbcTableManager.java [ForkJoinPool-2-worker-3])
* INFO  2023-03-28T10:06:08,146 Populated analytics tables: 00:02:43.903 (Clock.java [taskScheduler-10])
* INFO  2023-03-28T10:06:08,159 Invoked analytics table hooks: 00:02:43.916 (Clock.java [taskScheduler-10])
* INFO  2023-03-28T10:06:08,224 Applied aggregation levels: 00:02:43.981 (Clock.java [taskScheduler-10])
* INFO  2023-03-28T10:12:11,523 Created indexes: 00:08:47.278 (Clock.java [taskScheduler-10])
* INFO  2023-03-28T10:12:56,349 Analyzed tables: 00:09:32.103 (Clock.java [taskScheduler-10])
* INFO  2023-03-28T10:12:56,378 Swapping table, master table exists: 'false', skip master table: 'false' (AbstractJdbcTableManager.java [taskScheduler-10])
* INFO  2023-03-28T10:12:56,428 Table update done: analytics: 00:09:32.183 (Clock.java [taskScheduler-10])
* INFO  2023-03-28T10:12:56,430 Analytics table update parameters: AnalyticsTableUpdateParams{last years=null, skip resource tables=false, skip table types=[], skip programs=[], start time=2023-03-28T10:02:43} (DefaultAnalyticsTableService.java [taskScheduler-10])
* INFO  2023-03-28T10:12:56,431 Starting update of type: COMPLETENESS, table name: 'analytics_completeness', processes: 3: 00:00:00.000 (Clock.java [taskScheduler-10])
* INFO  2023-03-28T10:12:57,179 Table update start: analytics_completeness, earliest: null, parameters: AnalyticsTableUpdateParams{last years=null, skip resource tables=false, skip table types=[], skip programs=[], start time=2023-03-28T10:02:43}: 00:00:00.747 (Clock.java [taskScheduler-10])
* INFO  2023-03-28T10:12:57,185 Performed pre-create table work COMPLETENESS: 00:00:00.753 (Clock.java [taskScheduler-10])
* INFO  2023-03-28T10:12:57,191 Dropped temp tables: 00:00:00.759 (Clock.java [taskScheduler-10])
* INFO  2023-03-28T10:12:57,195 Creating table: 'analytics_completeness_temp', columns: '35' (AbstractJdbcTableManager.java [taskScheduler-10])
* INFO  2023-03-28T10:12:57,212 Creating partition table: 'analytics_completeness_temp_2022' (AbstractJdbcTableManager.java [taskScheduler-10])
* INFO  2023-03-28T10:12:57,229 Creating partition table: 'analytics_completeness_temp_2023' (AbstractJdbcTableManager.java [taskScheduler-10])
* INFO  2023-03-28T10:12:57,243 Created analytics tables: 00:00:00.811 (Clock.java [taskScheduler-10])
* INFO  2023-03-28T10:12:57,246 Populate table task number: 2 (DefaultAnalyticsTableService.java [taskScheduler-10])
* INFO  2023-03-28T10:12:57,748 Populated analytics tables: 00:00:01.316 (Clock.java [taskScheduler-10])
