* INFO  2023-03-28T07:18:58,658 (admin) Import:Start (DefaultMetadataImportService.java [http-nio-8080-exec-4])
* INFO  2023-03-28T07:18:58,882 (admin) Import:Validation took 0.014137 sec. (DefaultObjectBundleValidationService.java [http-nio-8080-exec-4])
* INFO  2023-03-28T07:18:58,893 (admin) Creating 1 object(s) of type OrganisationUnit (DefaultObjectBundleService.java [http-nio-8080-exec-4])
* INFO  2023-03-28T07:18:59,042 (admin) Import:Commit took 0.153643 sec. (DefaultMetadataImportService.java [http-nio-8080-exec-4])
* INFO  2023-03-28T07:18:59,046 (admin) Import:Done took 0.389612 sec. (DefaultMetadataImportService.java [http-nio-8080-exec-4])
* INFO  2023-03-28T07:20:13,209 (admin) Import:Start (DefaultMetadataImportService.java [http-nio-8080-exec-10])
* INFO  2023-03-28T07:20:13,341 (admin) Import:Validation took 0.000793 sec. (DefaultObjectBundleValidationService.java [http-nio-8080-exec-10])
* INFO  2023-03-28T07:20:13,345 (admin) Creating 1 object(s) of type OrganisationUnit (DefaultObjectBundleService.java [http-nio-8080-exec-10])
* INFO  2023-03-28T07:20:13,382 (admin) Import:Commit took 0.037047 sec. (DefaultMetadataImportService.java [http-nio-8080-exec-10])
* INFO  2023-03-28T07:20:13,387 (admin) Import:Done took 0.177502 sec. (DefaultMetadataImportService.java [http-nio-8080-exec-10])
* INFO  2023-03-28T07:21:08,877 (admin) Import:Start (DefaultMetadataImportService.java [http-nio-8080-exec-3])
* INFO  2023-03-28T07:21:09,037 (admin) Import:Validation took 0.000503 sec. (DefaultObjectBundleValidationService.java [http-nio-8080-exec-3])
* INFO  2023-03-28T07:21:09,042 (admin) Creating 1 object(s) of type DataElement (DefaultObjectBundleService.java [http-nio-8080-exec-3])
* INFO  2023-03-28T07:21:09,096 (admin) Import:Commit took 0.053103 sec. (DefaultMetadataImportService.java [http-nio-8080-exec-3])
* INFO  2023-03-28T07:21:09,102 (admin) Import:Done took 0.225154 sec. (DefaultMetadataImportService.java [http-nio-8080-exec-3])
* INFO  2023-03-28T07:21:34,292 (admin) Export:Start (DefaultMetadataExportService.java [http-nio-8080-exec-1])
* INFO  2023-03-28T07:21:34,306 (admin) Exported 1 objects of type DataElement (DefaultMetadataExportService.java [http-nio-8080-exec-1])
* INFO  2023-03-28T07:21:34,322 (admin) Exported 1 objects of type CategoryCombo (DefaultMetadataExportService.java [http-nio-8080-exec-1])
* INFO  2023-03-28T07:21:34,326 (admin) Export:Done took 0.033730 sec. (DefaultMetadataExportService.java [http-nio-8080-exec-1])
* INFO  2023-03-28T07:21:44,129 (admin) Import:Start (DefaultMetadataImportService.java [http-nio-8080-exec-2])
* INFO  2023-03-28T07:21:44,230 (admin) Import:Validation took 0.001178 sec. (DefaultObjectBundleValidationService.java [http-nio-8080-exec-2])
* INFO  2023-03-28T07:21:44,235 (admin) Creating 1 object(s) of type DataSet (DefaultObjectBundleService.java [http-nio-8080-exec-2])
* INFO  2023-03-28T07:21:44,323 (admin) Import:Commit took 0.088892 sec. (DefaultMetadataImportService.java [http-nio-8080-exec-2])
* INFO  2023-03-28T07:21:44,326 (admin) Import:Done took 0.196714 sec. (DefaultMetadataImportService.java [http-nio-8080-exec-2])
* INFO  2023-03-28T07:22:10,800 (admin) Export:Start (DefaultMetadataExportService.java [http-nio-8080-exec-9])
* INFO  2023-03-28T07:22:10,814 (admin) Exported 1 objects of type DataElement (DefaultMetadataExportService.java [http-nio-8080-exec-9])
* INFO  2023-03-28T07:22:10,825 (admin) Exported 1 objects of type CategoryCombo (DefaultMetadataExportService.java [http-nio-8080-exec-9])
* INFO  2023-03-28T07:22:10,829 (admin) Export:Done took 0.028208 sec. (DefaultMetadataExportService.java [http-nio-8080-exec-9])
* INFO  2023-03-28T07:23:17,391 (admin) Import:Start (DefaultMetadataImportService.java [http-nio-8080-exec-9])
* INFO  2023-03-28T07:23:17,448 (admin) Import:Validation took 0.000498 sec. (DefaultObjectBundleValidationService.java [http-nio-8080-exec-9])
* INFO  2023-03-28T07:23:17,453 (admin) Creating 1 object(s) of type OrganisationUnitGroup (DefaultObjectBundleService.java [http-nio-8080-exec-9])
* INFO  2023-03-28T07:23:17,491 (admin) Import:Commit took 0.038662 sec. (DefaultMetadataImportService.java [http-nio-8080-exec-9])
* INFO  2023-03-28T07:23:17,499 (admin) Import:Done took 0.107804 sec. (DefaultMetadataImportService.java [http-nio-8080-exec-9])
* INFO  2023-03-28T07:29:10,414 (admin) Export:Start (DefaultMetadataExportService.java [http-nio-8080-exec-3])
* INFO  2023-03-28T07:29:10,428 (admin) Exported 1 objects of type DataElement (DefaultMetadataExportService.java [http-nio-8080-exec-3])
* INFO  2023-03-28T07:29:10,435 (admin) Exported 1 objects of type CategoryCombo (DefaultMetadataExportService.java [http-nio-8080-exec-3])
* INFO  2023-03-28T07:29:10,439 (admin) Export:Done took 0.025331 sec. (DefaultMetadataExportService.java [http-nio-8080-exec-3])
* INFO  2023-03-28T07:29:16,438 (admin) Export:Start (DefaultMetadataExportService.java [http-nio-8080-exec-7])
* INFO  2023-03-28T07:29:16,445 (admin) Exported 1 objects of type DataElement (DefaultMetadataExportService.java [http-nio-8080-exec-7])
* INFO  2023-03-28T07:29:16,451 (admin) Exported 1 objects of type CategoryCombo (DefaultMetadataExportService.java [http-nio-8080-exec-7])
* INFO  2023-03-28T07:29:16,461 (admin) Export:Done took 0.023989 sec. (DefaultMetadataExportService.java [http-nio-8080-exec-7])
* INFO  2023-03-28T07:32:39,127 (admin) Import:Start (DefaultMetadataImportService.java [http-nio-8080-exec-4])
* INFO  2023-03-28T07:32:39,246 (admin) Import:Validation took 0.000475 sec. (DefaultObjectBundleValidationService.java [http-nio-8080-exec-4])
* INFO  2023-03-28T07:32:39,251 (admin) Updating 1 object(s) of type DataSet (DefaultObjectBundleService.java [http-nio-8080-exec-4])
* INFO  2023-03-28T07:32:39,319 (admin) Import:Commit took 0.069016 sec. (DefaultMetadataImportService.java [http-nio-8080-exec-4])
* INFO  2023-03-28T07:32:39,324 (admin) Import:Done took 0.196450 sec. (DefaultMetadataImportService.java [http-nio-8080-exec-4])
* INFO  2023-03-28T07:35:17,516 (admin) Export:Start (DefaultMetadataExportService.java [http-nio-8080-exec-5])
* INFO  2023-03-28T07:35:17,534 (admin) Exported 1 objects of type DataElement (DefaultMetadataExportService.java [http-nio-8080-exec-5])
* INFO  2023-03-28T07:35:17,604 (admin) Exported 1 objects of type CategoryCombo (DefaultMetadataExportService.java [http-nio-8080-exec-5])
* INFO  2023-03-28T07:35:17,609 (admin) Export:Done took 0.092323 sec. (DefaultMetadataExportService.java [http-nio-8080-exec-5])
* INFO  2023-03-28T07:35:28,557 (admin) Import:Start (DefaultMetadataImportService.java [http-nio-8080-exec-1])
* INFO  2023-03-28T07:35:28,636 (admin) Import:Validation took 0.000652 sec. (DefaultObjectBundleValidationService.java [http-nio-8080-exec-1])
* INFO  2023-03-28T07:35:28,642 (admin) Updating 1 object(s) of type DataSet (DefaultObjectBundleService.java [http-nio-8080-exec-1])
* INFO  2023-03-28T07:35:28,694 (admin) Import:Commit took 0.052641 sec. (DefaultMetadataImportService.java [http-nio-8080-exec-1])
* INFO  2023-03-28T07:35:28,699 (admin) Import:Done took 0.142097 sec. (DefaultMetadataImportService.java [http-nio-8080-exec-1])
* INFO  2023-03-28T07:42:07,087 (admin) Export:Start (DefaultMetadataExportService.java [http-nio-8080-exec-4])
* INFO  2023-03-28T07:42:07,152 (admin) Exported 1 objects of type DataElement (DefaultMetadataExportService.java [http-nio-8080-exec-4])
* INFO  2023-03-28T07:42:07,187 (admin) Exported 1 objects of type CategoryCombo (DefaultMetadataExportService.java [http-nio-8080-exec-4])
* INFO  2023-03-28T07:42:07,191 (admin) Export:Done took 0.104107 sec. (DefaultMetadataExportService.java [http-nio-8080-exec-4])
* INFO  2023-03-28T07:43:28,606 (admin) Export:Start (DefaultMetadataExportService.java [http-nio-8080-exec-2])
* INFO  2023-03-28T07:43:28,614 (admin) Exported 1 objects of type DataElement (DefaultMetadataExportService.java [http-nio-8080-exec-2])
* INFO  2023-03-28T07:43:28,621 (admin) Exported 1 objects of type CategoryCombo (DefaultMetadataExportService.java [http-nio-8080-exec-2])
* INFO  2023-03-28T07:43:28,624 (admin) Export:Done took 0.018452 sec. (DefaultMetadataExportService.java [http-nio-8080-exec-2])
* INFO  2023-03-28T07:44:06,185 (admin) Import:Start (DefaultMetadataImportService.java [http-nio-8080-exec-7])
* INFO  2023-03-28T07:44:06,284 (admin) Import:Validation took 0.000168 sec. (DefaultObjectBundleValidationService.java [http-nio-8080-exec-7])
* INFO  2023-03-28T07:44:06,290 (admin) Deleting 1 object(s) of type OrganisationUnit (DefaultObjectBundleService.java [http-nio-8080-exec-7])
* INFO  2023-03-28T07:44:06,530 (admin) Import:Commit took 0.240389 sec. (DefaultMetadataImportService.java [http-nio-8080-exec-7])
* INFO  2023-03-28T07:44:06,534 (admin) Import:Done took 0.348062 sec. (DefaultMetadataImportService.java [http-nio-8080-exec-7])
* INFO  2023-03-28T07:44:13,267 (admin) Export:Start (DefaultMetadataExportService.java [http-nio-8080-exec-8])
* INFO  2023-03-28T07:44:13,285 (admin) Exported 1 objects of type DataElement (DefaultMetadataExportService.java [http-nio-8080-exec-8])
* INFO  2023-03-28T07:44:13,297 (admin) Exported 1 objects of type CategoryCombo (DefaultMetadataExportService.java [http-nio-8080-exec-8])
* INFO  2023-03-28T07:44:13,304 (admin) Export:Done took 0.036763 sec. (DefaultMetadataExportService.java [http-nio-8080-exec-8])
* INFO  2023-03-28T07:47:45,521 (admin) Import:Start (DefaultMetadataImportService.java [http-nio-8080-exec-1])
* INFO  2023-03-28T07:47:45,671 (admin) Import:Validation took 0.000361 sec. (DefaultObjectBundleValidationService.java [http-nio-8080-exec-1])
* INFO  2023-03-28T07:47:45,676 (admin) Updating 1 object(s) of type DataElement (DefaultObjectBundleService.java [http-nio-8080-exec-1])
* INFO  2023-03-28T07:47:45,705 (admin) Import:Commit took 0.029245 sec. (DefaultMetadataImportService.java [http-nio-8080-exec-1])
* INFO  2023-03-28T07:47:45,710 (admin) Import:Done took 0.188230 sec. (DefaultMetadataImportService.java [http-nio-8080-exec-1])
* INFO  2023-03-28T07:47:49,329 (admin) Export:Start (DefaultMetadataExportService.java [http-nio-8080-exec-8])
* INFO  2023-03-28T07:47:49,354 (admin) Exported 1 objects of type DataElement (DefaultMetadataExportService.java [http-nio-8080-exec-8])
* INFO  2023-03-28T07:47:49,365 (admin) Exported 1 objects of type CategoryCombo (DefaultMetadataExportService.java [http-nio-8080-exec-8])
* INFO  2023-03-28T07:47:49,377 (admin) Export:Done took 0.047843 sec. (DefaultMetadataExportService.java [http-nio-8080-exec-8])
* INFO  2023-03-28T07:47:57,726 (admin) Import:Start (DefaultMetadataImportService.java [http-nio-8080-exec-5])
* INFO  2023-03-28T07:47:57,837 (admin) Import:Validation took 0.001020 sec. (DefaultObjectBundleValidationService.java [http-nio-8080-exec-5])
* INFO  2023-03-28T07:47:57,842 (admin) Updating 1 object(s) of type DataSet (DefaultObjectBundleService.java [http-nio-8080-exec-5])
* INFO  2023-03-28T07:47:57,883 (admin) Import:Commit took 0.042052 sec. (DefaultMetadataImportService.java [http-nio-8080-exec-5])
* INFO  2023-03-28T07:47:57,888 (admin) Import:Done took 0.161612 sec. (DefaultMetadataImportService.java [http-nio-8080-exec-5])
* INFO  2023-03-28T07:48:04,728 (admin) Import:Start (DefaultMetadataImportService.java [http-nio-8080-exec-9])
* INFO  2023-03-28T07:48:04,821 (admin) Import:Validation took 0.000313 sec. (DefaultObjectBundleValidationService.java [http-nio-8080-exec-9])
* INFO  2023-03-28T07:48:04,827 (admin) Updating 1 object(s) of type DataElement (DefaultObjectBundleService.java [http-nio-8080-exec-9])
* INFO  2023-03-28T07:48:04,855 (admin) Import:Commit took 0.028367 sec. (DefaultMetadataImportService.java [http-nio-8080-exec-9])
* INFO  2023-03-28T07:48:04,860 (admin) Import:Done took 0.131638 sec. (DefaultMetadataImportService.java [http-nio-8080-exec-9])
* INFO  2023-03-28T07:48:15,410 (admin) Import:Start (DefaultMetadataImportService.java [http-nio-8080-exec-6])
* INFO  2023-03-28T07:48:15,486 (admin) Import:Validation took 0.000308 sec. (DefaultObjectBundleValidationService.java [http-nio-8080-exec-6])
* INFO  2023-03-28T07:48:15,492 (admin) Updating 1 object(s) of type OrganisationUnit (DefaultObjectBundleService.java [http-nio-8080-exec-6])
* INFO  2023-03-28T07:48:15,520 (admin) Import:Commit took 0.028193 sec. (DefaultMetadataImportService.java [http-nio-8080-exec-6])
* INFO  2023-03-28T07:48:15,525 (admin) Import:Done took 0.114689 sec. (DefaultMetadataImportService.java [http-nio-8080-exec-6])
* INFO  2023-03-28T07:48:20,946 (admin) Import:Start (DefaultMetadataImportService.java [http-nio-8080-exec-2])
* INFO  2023-03-28T07:48:21,058 (admin) Import:Validation took 0.000124 sec. (DefaultObjectBundleValidationService.java [http-nio-8080-exec-2])
* INFO  2023-03-28T07:48:21,064 (admin) Deleting 1 object(s) of type OrganisationUnitGroup (DefaultObjectBundleService.java [http-nio-8080-exec-2])
* INFO  2023-03-28T07:48:21,171 (admin) Import:Commit took 0.107669 sec. (DefaultMetadataImportService.java [http-nio-8080-exec-2])
* INFO  2023-03-28T07:48:21,174 (admin) Import:Done took 0.228125 sec. (DefaultMetadataImportService.java [http-nio-8080-exec-2])
* INFO  2023-03-28T07:50:10,951 (admin) Import:Start (DefaultMetadataImportService.java [http-nio-8080-exec-3])
* INFO  2023-03-28T07:50:10,988 (admin) Import:Validation took 0.000514 sec. (DefaultObjectBundleValidationService.java [http-nio-8080-exec-3])
* INFO  2023-03-28T07:50:10,995 (admin) Updating 1 object(s) of type OrganisationUnit (DefaultObjectBundleService.java [http-nio-8080-exec-3])
* INFO  2023-03-28T07:50:11,011 (admin) Import:Commit took 0.016323 sec. (DefaultMetadataImportService.java [http-nio-8080-exec-3])
* INFO  2023-03-28T07:50:11,014 (admin) Import:Done took 0.063147 sec. (DefaultMetadataImportService.java [http-nio-8080-exec-3])
* INFO  2023-03-28T07:50:26,634 (admin) Import:Start (DefaultMetadataImportService.java [http-nio-8080-exec-3])
* INFO  2023-03-28T07:50:26,703 (admin) Import:Validation took 0.000363 sec. (DefaultObjectBundleValidationService.java [http-nio-8080-exec-3])
* INFO  2023-03-28T07:50:26,709 (admin) Creating 1 object(s) of type OrganisationUnit (DefaultObjectBundleService.java [http-nio-8080-exec-3])
* INFO  2023-03-28T07:50:26,728 (admin) Import:Commit took 0.018659 sec. (DefaultMetadataImportService.java [http-nio-8080-exec-3])
* INFO  2023-03-28T07:50:26,733 (admin) Import:Done took 0.098480 sec. (DefaultMetadataImportService.java [http-nio-8080-exec-3])
* INFO  2023-03-28T07:51:10,016 (admin) Export:Start (DefaultMetadataExportService.java [http-nio-8080-exec-10])
* INFO  2023-03-28T07:51:10,042 (admin) Exported 1 objects of type DataElement (DefaultMetadataExportService.java [http-nio-8080-exec-10])
* INFO  2023-03-28T07:51:10,058 (admin) Exported 1 objects of type CategoryCombo (DefaultMetadataExportService.java [http-nio-8080-exec-10])
* INFO  2023-03-28T07:51:10,067 (admin) Export:Done took 0.050516 sec. (DefaultMetadataExportService.java [http-nio-8080-exec-10])
* INFO  2023-03-28T07:51:21,392 (admin) Import:Start (DefaultMetadataImportService.java [http-nio-8080-exec-3])
* INFO  2023-03-28T07:51:21,480 (admin) Import:Validation took 0.000296 sec. (DefaultObjectBundleValidationService.java [http-nio-8080-exec-3])
* INFO  2023-03-28T07:51:21,486 (admin) Updating 1 object(s) of type DataSet (DefaultObjectBundleService.java [http-nio-8080-exec-3])
* INFO  2023-03-28T07:51:21,544 (admin) Import:Commit took 0.059040 sec. (DefaultMetadataImportService.java [http-nio-8080-exec-3])
* INFO  2023-03-28T07:51:21,549 (admin) Import:Done took 0.157427 sec. (DefaultMetadataImportService.java [http-nio-8080-exec-3])
* INFO  2023-03-28T07:53:25,157 (admin) Import:Start (DefaultMetadataImportService.java [http-nio-8080-exec-4])
* INFO  2023-03-28T07:53:25,252 (admin) Import:Validation took 0.019909 sec. (DefaultObjectBundleValidationService.java [http-nio-8080-exec-4])
* INFO  2023-03-28T07:53:25,262 (admin) Updating 1 object(s) of type User (DefaultObjectBundleService.java [http-nio-8080-exec-4])
* INFO  2023-03-28T07:53:25,323 (admin) Import:Commit took 0.061391 sec. (DefaultMetadataImportService.java [http-nio-8080-exec-4])
* INFO  2023-03-28T07:53:25,328 (admin) Import:Done took 0.171420 sec. (DefaultMetadataImportService.java [http-nio-8080-exec-4])
